{"/Users/steve.newman/Documents/GitHub/DummyData/backend/index.ts": {"path":"/Users/steve.newman/Documents/GitHub/DummyData/backend/index.ts","statementMap":{"0":{"start":{"line":1,"column":0},"end":{"line":1,"column":30}},"1":{"start":{"line":2,"column":0},"end":{"line":2,"column":24}},"2":{"start":{"line":4,"column":12},"end":{"line":4,"column":21}},"3":{"start":{"line":5,"column":13},"end":{"line":5,"column":17}},"4":{"start":{"line":7,"column":0},"end":{"line":7,"column":16}},"5":{"start":{"line":8,"column":0},"end":{"line":8,"column":24}},"6":{"start":{"line":11,"column":16},"end":{"line":11,"column":60}},"7":{"start":{"line":12,"column":2},"end":{"line":12,"column":57}},"8":{"start":{"line":15,"column":14},"end":{"line":15,"column":24}},"9":{"start":{"line":16,"column":16},"end":{"line":16,"column":34}},"10":{"start":{"line":17,"column":15},"end":{"line":17,"column":32}},"11":{"start":{"line":18,"column":2},"end":{"line":18,"column":69}},"12":{"start":{"line":24,"column":19},"end":{"line":24,"column":99}},"13":{"start":{"line":26,"column":21},"end":{"line":31,"column":6}},"14":{"start":{"line":27,"column":16},"end":{"line":27,"column":26}},"15":{"start":{"line":28,"column":14},"end":{"line":28,"column":32}},"16":{"start":{"line":29,"column":14},"end":{"line":29,"column":31}},"17":{"start":{"line":30,"column":4},"end":{"line":30,"column":51}},"18":{"start":{"line":32,"column":2},"end":{"line":56,"column":3}},"19":{"start":{"line":33,"column":4},"end":{"line":41,"column":8}},"20":{"start":{"line":33,"column":52},"end":{"line":41,"column":6}},"21":{"start":{"line":43,"column":4},"end":{"line":55,"column":8}},"22":{"start":{"line":43,"column":52},"end":{"line":55,"column":6}},"23":{"start":{"line":59,"column":0},"end":{"line":72,"column":3}},"24":{"start":{"line":60,"column":43},"end":{"line":60,"column":51}},"25":{"start":{"line":61,"column":2},"end":{"line":63,"column":3}},"26":{"start":{"line":62,"column":4},"end":{"line":62,"column":62}},"27":{"start":{"line":64,"column":18},"end":{"line":64,"column":20}},"28":{"start":{"line":65,"column":2},"end":{"line":67,"column":3}},"29":{"start":{"line":66,"column":4},"end":{"line":66,"column":67}},"30":{"start":{"line":68,"column":2},"end":{"line":70,"column":3}},"31":{"start":{"line":69,"column":4},"end":{"line":69,"column":69}},"32":{"start":{"line":71,"column":2},"end":{"line":71,"column":17}},"33":{"start":{"line":74,"column":0},"end":{"line":78,"column":1}},"34":{"start":{"line":75,"column":2},"end":{"line":77,"column":5}},"35":{"start":{"line":76,"column":4},"end":{"line":76,"column":53}},"36":{"start":{"line":81,"column":0},"end":{"line":81,"column":19}}},"fnMap":{"0":{"name":"randomTeamName","decl":{"start":{"line":10,"column":9},"end":{"line":10,"column":23}},"loc":{"start":{"line":10,"column":23},"end":{"line":13,"column":1}}},"1":{"name":"randomMonth","decl":{"start":{"line":14,"column":9},"end":{"line":14,"column":20}},"loc":{"start":{"line":14,"column":20},"end":{"line":19,"column":1}}},"2":{"name":"generateMetrics","decl":{"start":{"line":22,"column":9},"end":{"line":22,"column":24}},"loc":{"start":{"line":22,"column":94},"end":{"line":57,"column":1}}},"3":{"name":"(anonymous_4)","decl":{"start":{"line":26,"column":31},"end":{"line":26,"column":34}},"loc":{"start":{"line":26,"column":36},"end":{"line":31,"column":3}}},"4":{"name":"(anonymous_5)","decl":{"start":{"line":33,"column":41},"end":{"line":33,"column":42}},"loc":{"start":{"line":33,"column":52},"end":{"line":41,"column":6}}},"5":{"name":"(anonymous_6)","decl":{"start":{"line":43,"column":41},"end":{"line":43,"column":42}},"loc":{"start":{"line":43,"column":52},"end":{"line":55,"column":6}}},"6":{"name":"(anonymous_7)","decl":{"start":{"line":59,"column":26},"end":{"line":59,"column":27}},"loc":{"start":{"line":59,"column":74},"end":{"line":72,"column":1}}},"7":{"name":"(anonymous_8)","decl":{"start":{"line":75,"column":19},"end":{"line":75,"column":22}},"loc":{"start":{"line":75,"column":24},"end":{"line":77,"column":3}}}},"branchMap":{"0":{"loc":{"start":{"line":24,"column":19},"end":{"line":24,"column":99}},"type":"cond-expr","locations":[{"start":{"line":24,"column":47},"end":{"line":24,"column":52}},{"start":{"line":24,"column":55},"end":{"line":24,"column":99}}]},"1":{"loc":{"start":{"line":24,"column":19},"end":{"line":24,"column":44}},"type":"binary-expr","locations":[{"start":{"line":24,"column":19},"end":{"line":24,"column":24}},{"start":{"line":24,"column":28},"end":{"line":24,"column":44}}]},"2":{"loc":{"start":{"line":26,"column":21},"end":{"line":31,"column":6}},"type":"binary-expr","locations":[{"start":{"line":26,"column":21},"end":{"line":26,"column":26}},{"start":{"line":26,"column":30},"end":{"line":31,"column":6}}]},"3":{"loc":{"start":{"line":32,"column":2},"end":{"line":56,"column":3}},"type":"if","locations":[{"start":{"line":32,"column":2},"end":{"line":56,"column":3}},{"start":{"line":42,"column":9},"end":{"line":56,"column":3}}]},"4":{"loc":{"start":{"line":61,"column":2},"end":{"line":63,"column":3}},"type":"if","locations":[{"start":{"line":61,"column":2},"end":{"line":63,"column":3}}]},"5":{"loc":{"start":{"line":61,"column":6},"end":{"line":61,"column":65}},"type":"binary-expr","locations":[{"start":{"line":61,"column":6},"end":{"line":61,"column":14}},{"start":{"line":61,"column":18},"end":{"line":61,"column":41}},{"start":{"line":61,"column":45},"end":{"line":61,"column":65}}]},"6":{"loc":{"start":{"line":65,"column":2},"end":{"line":67,"column":3}},"type":"if","locations":[{"start":{"line":65,"column":2},"end":{"line":67,"column":3}}]},"7":{"loc":{"start":{"line":66,"column":40},"end":{"line":66,"column":51}},"type":"binary-expr","locations":[{"start":{"line":66,"column":40},"end":{"line":66,"column":45}},{"start":{"line":66,"column":49},"end":{"line":66,"column":51}}]},"8":{"loc":{"start":{"line":68,"column":2},"end":{"line":70,"column":3}},"type":"if","locations":[{"start":{"line":68,"column":2},"end":{"line":70,"column":3}}]},"9":{"loc":{"start":{"line":69,"column":42},"end":{"line":69,"column":53}},"type":"binary-expr","locations":[{"start":{"line":69,"column":42},"end":{"line":69,"column":47}},{"start":{"line":69,"column":51},"end":{"line":69,"column":53}}]},"10":{"loc":{"start":{"line":74,"column":0},"end":{"line":78,"column":1}},"type":"if","locations":[{"start":{"line":74,"column":0},"end":{"line":78,"column":1}}]}},"s":{"0":1,"1":1,"2":1,"3":1,"4":1,"5":1,"6":0,"7":0,"8":0,"9":0,"10":0,"11":0,"12":1,"13":1,"14":0,"15":0,"16":0,"17":0,"18":1,"19":1,"20":2,"21":0,"22":0,"23":1,"24":1,"25":1,"26":0,"27":1,"28":1,"29":1,"30":1,"31":0,"32":1,"33":1,"34":0,"35":0,"36":1},"f":{"0":0,"1":0,"2":1,"3":0,"4":2,"5":0,"6":1,"7":0},"b":{"0":[1,0],"1":[1,1],"2":[1,0],"3":[1,0],"4":[0],"5":[1,1,1],"6":[1],"7":[1,0],"8":[0],"9":[0,0],"10":[0]}}
}
