TN:
SF:backend/index.ts
FN:10,randomTeamName
FN:14,randomMonth
FN:22,generateMetrics
FN:26,(anonymous_4)
FN:33,(anonymous_5)
FN:43,(anonymous_6)
FN:59,(anonymous_7)
FN:75,(anonymous_8)
FNF:8
FNH:3
FNDA:0,randomTeamName
FNDA:0,randomMonth
FNDA:1,generateMetrics
FNDA:0,(anonymous_4)
FNDA:2,(anonymous_5)
FNDA:0,(anonymous_6)
FNDA:1,(anonymous_7)
FNDA:0,(anonymous_8)
DA:1,1
DA:2,1
DA:4,1
DA:5,1
DA:7,1
DA:8,1
DA:11,0
DA:12,0
DA:15,0
DA:16,0
DA:17,0
DA:18,0
DA:24,1
DA:26,1
DA:27,0
DA:28,0
DA:29,0
DA:30,0
DA:32,1
DA:33,2
DA:43,0
DA:59,1
DA:60,1
DA:61,1
DA:62,0
DA:64,1
DA:65,1
DA:66,1
DA:68,1
DA:69,0
DA:71,1
DA:74,1
DA:75,0
DA:76,0
DA:81,1
LF:35
LH:20
BRDA:24,0,0,1
BRDA:24,0,1,0
BRDA:24,1,0,1
BRDA:24,1,1,1
BRDA:26,2,0,1
BRDA:26,2,1,0
BRDA:32,3,0,1
BRDA:32,3,1,0
BRDA:61,4,0,0
BRDA:61,5,0,1
BRDA:61,5,1,1
BRDA:61,5,2,1
BRDA:65,6,0,1
BRDA:66,7,0,1
BRDA:66,7,1,0
BRDA:68,8,0,0
BRDA:69,9,0,0
BRDA:69,9,1,0
BRDA:74,10,0,0
BRF:19
BRH:10
end_of_record
