{"/Users/steve.newman/Documents/GitHub/DummyData/src/downloadUtils.ts": {"path":"/Users/steve.newman/Documents/GitHub/DummyData/src/downloadUtils.ts","statementMap":{"0":{"start":{"line":20,"column":0},"end":{"line":20,"column":16}},"1":{"start":{"line":37,"column":0},"end":{"line":37,"column":16}},"2":{"start":{"line":3,"column":2},"end":{"line":15,"column":3}},"3":{"start":{"line":4,"column":18},"end":{"line":4,"column":26}},"4":{"start":{"line":5,"column":19},"end":{"line":5,"column":52}},"5":{"start":{"line":6,"column":4},"end":{"line":14,"column":5}},"6":{"start":{"line":7,"column":6},"end":{"line":9,"column":9}},"7":{"start":{"line":8,"column":8},"end":{"line":8,"column":47}},"8":{"start":{"line":10,"column":11},"end":{"line":14,"column":5}},"9":{"start":{"line":11,"column":6},"end":{"line":11,"column":34}},"10":{"start":{"line":13,"column":6},"end":{"line":13,"column":72}},"11":{"start":{"line":16,"column":2},"end":{"line":16,"column":13}},"12":{"start":{"line":21,"column":2},"end":{"line":21,"column":27}},"13":{"start":{"line":21,"column":20},"end":{"line":21,"column":27}},"14":{"start":{"line":22,"column":19},"end":{"line":22,"column":48}},"15":{"start":{"line":22,"column":35},"end":{"line":22,"column":47}},"16":{"start":{"line":23,"column":15},"end":{"line":23,"column":39}},"17":{"start":{"line":24,"column":14},"end":{"line":26,"column":14}},"18":{"start":{"line":25,"column":26},"end":{"line":25,"column":59}},"19":{"start":{"line":25,"column":42},"end":{"line":25,"column":48}},"20":{"start":{"line":27,"column":15},"end":{"line":27,"column":52}},"21":{"start":{"line":28,"column":14},"end":{"line":28,"column":46}},"22":{"start":{"line":29,"column":12},"end":{"line":29,"column":39}},"23":{"start":{"line":30,"column":2},"end":{"line":30,"column":15}},"24":{"start":{"line":31,"column":2},"end":{"line":31,"column":24}},"25":{"start":{"line":32,"column":2},"end":{"line":32,"column":12}},"26":{"start":{"line":33,"column":2},"end":{"line":33,"column":34}},"27":{"start":{"line":38,"column":15},"end":{"line":38,"column":86}},"28":{"start":{"line":39,"column":14},"end":{"line":39,"column":46}},"29":{"start":{"line":40,"column":12},"end":{"line":40,"column":39}},"30":{"start":{"line":41,"column":2},"end":{"line":41,"column":15}},"31":{"start":{"line":42,"column":2},"end":{"line":42,"column":24}},"32":{"start":{"line":43,"column":2},"end":{"line":43,"column":12}},"33":{"start":{"line":44,"column":2},"end":{"line":44,"column":34}}},"fnMap":{"0":{"name":"flatten","decl":{"start":{"line":2,"column":9},"end":{"line":2,"column":16}},"loc":{"start":{"line":2,"column":53},"end":{"line":17,"column":1}}},"1":{"name":"(anonymous_1)","decl":{"start":{"line":7,"column":20},"end":{"line":7,"column":21}},"loc":{"start":{"line":7,"column":34},"end":{"line":9,"column":7}}},"2":{"name":"downloadCSV","decl":{"start":{"line":20,"column":16},"end":{"line":20,"column":27}},"loc":{"start":{"line":20,"column":57},"end":{"line":34,"column":1}}},"3":{"name":"(anonymous_3)","decl":{"start":{"line":22,"column":28},"end":{"line":22,"column":31}},"loc":{"start":{"line":22,"column":35},"end":{"line":22,"column":47}}},"4":{"name":"(anonymous_4)","decl":{"start":{"line":25,"column":17},"end":{"line":25,"column":18}},"loc":{"start":{"line":25,"column":26},"end":{"line":25,"column":59}}},"5":{"name":"(anonymous_5)","decl":{"start":{"line":25,"column":35},"end":{"line":25,"column":36}},"loc":{"start":{"line":25,"column":42},"end":{"line":25,"column":48}}},"6":{"name":"downloadJSON","decl":{"start":{"line":37,"column":16},"end":{"line":37,"column":28}},"loc":{"start":{"line":37,"column":56},"end":{"line":45,"column":1}}}},"branchMap":{"0":{"loc":{"start":{"line":2,"column":27},"end":{"line":2,"column":38}},"type":"default-arg","locations":[{"start":{"line":2,"column":36},"end":{"line":2,"column":38}}]},"1":{"loc":{"start":{"line":2,"column":40},"end":{"line":2,"column":53}},"type":"default-arg","locations":[{"start":{"line":2,"column":51},"end":{"line":2,"column":53}}]},"2":{"loc":{"start":{"line":5,"column":19},"end":{"line":5,"column":52}},"type":"cond-expr","locations":[{"start":{"line":5,"column":28},"end":{"line":5,"column":46}},{"start":{"line":5,"column":49},"end":{"line":5,"column":52}}]},"3":{"loc":{"start":{"line":6,"column":4},"end":{"line":14,"column":5}},"type":"if","locations":[{"start":{"line":6,"column":4},"end":{"line":14,"column":5}},{"start":{"line":10,"column":11},"end":{"line":14,"column":5}}]},"4":{"loc":{"start":{"line":10,"column":11},"end":{"line":14,"column":5}},"type":"if","locations":[{"start":{"line":10,"column":11},"end":{"line":14,"column":5}},{"start":{"line":12,"column":11},"end":{"line":14,"column":5}}]},"5":{"loc":{"start":{"line":10,"column":15},"end":{"line":10,"column":86}},"type":"binary-expr","locations":[{"start":{"line":10,"column":15},"end":{"line":10,"column":40}},{"start":{"line":10,"column":44},"end":{"line":10,"column":58}},{"start":{"line":10,"column":62},"end":{"line":10,"column":86}}]},"6":{"loc":{"start":{"line":13,"column":20},"end":{"line":13,"column":71}},"type":"cond-expr","locations":[{"start":{"line":13,"column":44},"end":{"line":13,"column":63}},{"start":{"line":13,"column":66},"end":{"line":13,"column":71}}]},"7":{"loc":{"start":{"line":21,"column":2},"end":{"line":21,"column":27}},"type":"if","locations":[{"start":{"line":21,"column":2},"end":{"line":21,"column":27}}]}},"s":{"0":1,"1":1,"2":2,"3":3,"4":3,"5":3,"6":0,"7":0,"8":3,"9":1,"10":2,"11":2,"12":1,"13":0,"14":1,"15":1,"16":1,"17":1,"18":1,"19":2,"20":1,"21":1,"22":1,"23":1,"24":1,"25":1,"26":1,"27":1,"28":1,"29":1,"30":1,"31":1,"32":1,"33":1},"f":{"0":2,"1":0,"2":1,"3":1,"4":1,"5":2,"6":1},"b":{"0":[1],"1":[1],"2":[1,2],"3":[0,3],"4":[1,2],"5":[3,1,1],"6":[0,2],"7":[0]}}
}
