TN:
SF:src/downloadUtils.ts
FN:2,flatten
FN:7,(anonymous_1)
FN:20,downloadCSV
FN:22,(anonymous_3)
FN:25,(anonymous_4)
FN:25,(anonymous_5)
FN:37,downloadJSON
FNF:7
FNH:6
FNDA:2,flatten
FNDA:0,(anonymous_1)
FNDA:1,downloadCSV
FNDA:1,(anonymous_3)
FNDA:1,(anonymous_4)
FNDA:2,(anonymous_5)
FNDA:1,downloadJSON
DA:3,2
DA:4,3
DA:5,3
DA:6,3
DA:7,0
DA:8,0
DA:10,3
DA:11,1
DA:13,2
DA:16,2
DA:20,1
DA:21,1
DA:22,1
DA:23,1
DA:24,1
DA:25,2
DA:27,1
DA:28,1
DA:29,1
DA:30,1
DA:31,1
DA:32,1
DA:33,1
DA:37,1
DA:38,1
DA:39,1
DA:40,1
DA:41,1
DA:42,1
DA:43,1
DA:44,1
LF:31
LH:29
BRDA:2,0,0,1
BRDA:2,1,0,1
BRDA:5,2,0,1
BRDA:5,2,1,2
BRDA:6,3,0,0
BRDA:6,3,1,3
BRDA:10,4,0,1
BRDA:10,4,1,2
BRDA:10,5,0,3
BRDA:10,5,1,1
BRDA:10,5,2,1
BRDA:13,6,0,0
BRDA:13,6,1,2
BRDA:21,7,0,0
BRF:14
BRH:11
end_of_record
